<?xml version="1.0" encoding="UTF-8"?>
<!-- Generated by org.testng.reporters.JUnitXMLReporter -->
<testsuite hostname="vetsvra00006366" name="Test" tests="2" failures="2" timestamp="12 Jan 2020 13:20:29 GMT" time="33.738" errors="0">
  <testcase name="runAutomationTC" time="33.686" classname="testNG.RunAutomation">
    <failure type="java.lang.NullPointerException">
      <![CDATA[java.lang.NullPointerException
	at testNG.RunAutomation.runAutomationTC(RunAutomation.java:141)
... Removed 25 stack frames]]>
    </failure>
  </testcase> <!-- runAutomationTC -->
  <testcase name="runAutomationTC" time="33.686" classname="testNG.RunAutomation">
    <failure type="java.lang.NullPointerException">
      <![CDATA[java.lang.NullPointerException
	at testNG.RunAutomation.runAutomationTC(RunAutomation.java:141)
... Removed 25 stack frames]]>
    </failure>
  </testcase> <!-- runAutomationTC -->
</testsuite> <!-- Test -->
